Using pre-set license
Built from '2020.3/release' branch; Version is '2020.3.27f1 (e759542391ea) revision 15161684'; Using compiler version '192528614'; Build Type 'Release'
OS: 'Windows 10  (10.0.19043) 64bit Core' Language: 'ko' Physical Memory: 32681 MB
BatchMode: 1, IsHumanControllingUs: 0, StartBugReporterOnCrash: 0, Is64bit: 1, IsPro: 0

COMMAND LINE ARGUMENTS:
D:\여기다가해라ㅡㅡ\진웅게임어플\2020.3.27f1\Editor\Unity.exe
-adb2
-batchMode
-noUpm
-name
AssetImportWorker0
-projectPath
D:/2DMulty/3DMultyGame/BoardGame/BoardGame
-logFile
Logs/AssetImportWorker0.log
-srvPort
52205
Successfully changed project path to: D:/2DMulty/3DMultyGame/BoardGame/BoardGame
D:/2DMulty/3DMultyGame/BoardGame/BoardGame
Using Asset Import Pipeline V2.
Refreshing native plugins compatible for Editor in 37.45 ms, found 2 plugins.
Preloading 0 native plugins for Editor in 0.00 ms.
Initialize engine version: 2020.3.27f1 (e759542391ea)
[Subsystems] Discovering subsystems at path D:/여기다가해라ㅡㅡ/진웅게임어플/2020.3.27f1/Editor/Data/Resources/UnitySubsystems
[Subsystems] Discovering subsystems at path D:/2DMulty/3DMultyGame/BoardGame/BoardGame/Assets
GfxDevice: creating device client; threaded=0
Direct3D:
    Version:  Direct3D 11.0 [level 11.1]
    Renderer: NVIDIA GeForce GTX 1080 Ti (ID=0x1b06)
    Vendor:   
    VRAM:     11127 MB
    Driver:   27.21.14.5671
Initialize mono
Mono path[0] = 'D:/여기다가해라ㅡㅡ/진웅게임어플/2020.3.27f1/Editor/Data/Managed'
Mono path[1] = 'D:/여기다가해라ㅡㅡ/진웅게임어플/2020.3.27f1/Editor/Data/MonoBleedingEdge/lib/mono/unityjit'
Mono config path = 'D:/여기다가해라ㅡㅡ/진웅게임어플/2020.3.27f1/Editor/Data/MonoBleedingEdge/etc'
Using monoOptions --debugger-agent=transport=dt_socket,embedding=1,server=y,suspend=n,address=127.0.0.1:56192
Begin MonoManager ReloadAssembly
Registering precompiled unity dll's ...
Register platform support module: D:/여기다가해라ㅡㅡ/진웅게임어플/2020.3.27f1/Editor/Data/PlaybackEngines/WindowsStandaloneSupport/UnityEditor.WindowsStandalone.Extensions.dll
Registered in 0.001294 seconds.
Native extension for WindowsStandalone target not found
Refreshing native plugins compatible for Editor in 32.48 ms, found 2 plugins.
Preloading 0 native plugins for Editor in 0.00 ms.
Mono: successfully reloaded assembly
- Completed reload, in  0.496 seconds
Domain Reload Profiling:
	ReloadAssembly (496ms)
		BeginReloadAssembly (61ms)
			ExecutionOrderSort (0ms)
			DisableScriptedObjects (0ms)
			BackupInstance (0ms)
			ReleaseScriptingObjects (0ms)
			CreateAndSetChildDomain (1ms)
		EndReloadAssembly (379ms)
			LoadAssemblies (60ms)
			RebuildTransferFunctionScriptingTraits (0ms)
			SetupTypeCache (120ms)
			ReleaseScriptCaches (0ms)
			RebuildScriptCaches (31ms)
			SetupLoadedEditorAssemblies (142ms)
				LogAssemblyErrors (0ms)
				InitializePlatformSupportModulesInManaged (3ms)
				SetLoadedEditorAssemblies (0ms)
				RefreshPlugins (33ms)
				BeforeProcessingInitializeOnLoad (12ms)
				ProcessInitializeOnLoadAttributes (71ms)
				ProcessInitializeOnLoadMethodAttributes (24ms)
				AfterProcessingInitializeOnLoad (0ms)
				EditorAssembliesLoaded (0ms)
			ExecutionOrderSort2 (0ms)
			AwakeInstancesAfterBackupRestoration (0ms)
Platform modules already initialized, skipping
Registering precompiled user dll's ...
Registered in 0.006328 seconds.
Begin MonoManager ReloadAssembly
Native extension for WindowsStandalone target not found
Refreshing native plugins compatible for Editor in 0.41 ms, found 2 plugins.
Preloading 0 native plugins for Editor in 0.00 ms.
Mono: successfully reloaded assembly
- Completed reload, in  0.902 seconds
Domain Reload Profiling:
	ReloadAssembly (903ms)
		BeginReloadAssembly (134ms)
			ExecutionOrderSort (0ms)
			DisableScriptedObjects (4ms)
			BackupInstance (0ms)
			ReleaseScriptingObjects (0ms)
			CreateAndSetChildDomain (17ms)
		EndReloadAssembly (722ms)
			LoadAssemblies (94ms)
			RebuildTransferFunctionScriptingTraits (0ms)
			SetupTypeCache (242ms)
			ReleaseScriptCaches (0ms)
			RebuildScriptCaches (48ms)
			SetupLoadedEditorAssemblies (276ms)
				LogAssemblyErrors (0ms)
				InitializePlatformSupportModulesInManaged (3ms)
				SetLoadedEditorAssemblies (0ms)
				RefreshPlugins (0ms)
				BeforeProcessingInitializeOnLoad (87ms)
				ProcessInitializeOnLoadAttributes (166ms)
				ProcessInitializeOnLoadMethodAttributes (16ms)
				AfterProcessingInitializeOnLoad (3ms)
				EditorAssembliesLoaded (0ms)
			ExecutionOrderSort2 (0ms)
			AwakeInstancesAfterBackupRestoration (5ms)
Platform modules already initialized, skipping
========================================================================
Worker process is ready to serve import requests
Launched and connected shader compiler UnityShaderCompiler.exe after 0.05 seconds
Refreshing native plugins compatible for Editor in 0.39 ms, found 2 plugins.
Preloading 0 native plugins for Editor in 0.00 ms.
Unloading 1860 Unused Serialized files (Serialized files now loaded: 0)
System memory in use before: 86.6 MB.
System memory in use after: 86.7 MB.

Unloading 29 unused Assets to reduce memory usage. Loaded Objects now: 2302.
Total: 2.407200 ms (FindLiveObjects: 0.129700 ms CreateObjectMapping: 0.053800 ms MarkObjects: 2.169600 ms  DeleteObjects: 0.053500 ms)

AssetImportParameters requested are different than current active one (requested -> active):
  custom:framework-win-MediaFoundation: 216162199b28c13a410421893ffa2e32 -> 
  custom:video-decoder-ogg-theora: a1e56fd34408186e4bbccfd4996cb3dc -> 
  custom:container-muxer-webm: aa71ff27fc2769a1b78a27578f13a17b -> 
  custom:container-demuxer-webm: 4f35f7cbe854078d1ac9338744f61a02 -> 
  custom:container-demuxer-ogg: 62fdf1f143b41e24485cea50d1cbac27 -> 
  custom:video-encoder-webm-vp8: eb34c28f22e8b96e1ab97ce403110664 -> 
  custom:video-codec-MediaFoundation-h265: 746d11721c4dcdbdad8f713fa42b33f4 -> 
  custom:video-decoder-webm-vp8: 9c59270c3fd7afecdb556c50c9e8de78 -> 
  custom:audio-decoder-ogg-vorbis: bf7c407c2cedff20999df2af8eb42d56 -> 
  custom:audio-encoder-webm-vorbis: bf7c407c2cedff20999df2af8eb42d56 -> 
========================================================================
Received Import Request.
  path: Assets/Prefabs/DesertEffect.prefab
  artifactKey: Guid(40d28fa5ae68c4f4ea383927809caa2a) Importer(815301076,1909f56bfc062723c751e8b465ee728b)
Start importing Assets/Prefabs/DesertEffect.prefab using Guid(40d28fa5ae68c4f4ea383927809caa2a) Importer(815301076,1909f56bfc062723c751e8b465ee728b)  -> (artifact id: 'd423cdf93bcd977d8d4cc0eb57e9499c') in 0.088159 seconds 
  Import took 0.090980 seconds .

========================================================================
Received Import Request.
  Time since last request: 45.126945 seconds.
  path: Assets/Prefabs/DesertEffect.prefab
  artifactKey: Guid(40d28fa5ae68c4f4ea383927809caa2a) Importer(815301076,1909f56bfc062723c751e8b465ee728b)
Start importing Assets/Prefabs/DesertEffect.prefab using Guid(40d28fa5ae68c4f4ea383927809caa2a) Importer(815301076,1909f56bfc062723c751e8b465ee728b)  -> (artifact id: 'e98a6f06789651a481132b9203a13245') in 0.010197 seconds 
  Import took 0.013125 seconds .

========================================================================
Received Import Request.
  Time since last request: 5.256143 seconds.
  path: Assets/Prefabs/DesertEffect.prefab
  artifactKey: Guid(40d28fa5ae68c4f4ea383927809caa2a) Importer(815301076,1909f56bfc062723c751e8b465ee728b)
Start importing Assets/Prefabs/DesertEffect.prefab using Guid(40d28fa5ae68c4f4ea383927809caa2a) Importer(815301076,1909f56bfc062723c751e8b465ee728b)  -> (artifact id: '2c218aef0cc0f32f3a9ca6ff58d20753') in 0.008787 seconds 
  Import took 0.023029 seconds .

========================================================================
Received Import Request.
  Time since last request: 97.924954 seconds.
  path: Assets/Prefabs/DesertEffect.prefab
  artifactKey: Guid(40d28fa5ae68c4f4ea383927809caa2a) Importer(815301076,1909f56bfc062723c751e8b465ee728b)
Start importing Assets/Prefabs/DesertEffect.prefab using Guid(40d28fa5ae68c4f4ea383927809caa2a) Importer(815301076,1909f56bfc062723c751e8b465ee728b)  -> (artifact id: 'c9c2e56827edcab6c1df0a5b8ae2fa04') in 0.010389 seconds 
  Import took 0.013396 seconds .

========================================================================
Received Import Request.
  Time since last request: 7.890178 seconds.
  path: Assets/Prefabs/DesertEffect.prefab
  artifactKey: Guid(40d28fa5ae68c4f4ea383927809caa2a) Importer(815301076,1909f56bfc062723c751e8b465ee728b)
Start importing Assets/Prefabs/DesertEffect.prefab using Guid(40d28fa5ae68c4f4ea383927809caa2a) Importer(815301076,1909f56bfc062723c751e8b465ee728b)  -> (artifact id: '3d0e048a1d2c74e69f053ab86cc99d6c') in 0.009218 seconds 
  Import took 0.012079 seconds .

========================================================================
Received Import Request.
  Time since last request: 1.818984 seconds.
  path: Assets/Prefabs/DesertEffect.prefab
  artifactKey: Guid(40d28fa5ae68c4f4ea383927809caa2a) Importer(815301076,1909f56bfc062723c751e8b465ee728b)
Start importing Assets/Prefabs/DesertEffect.prefab using Guid(40d28fa5ae68c4f4ea383927809caa2a) Importer(815301076,1909f56bfc062723c751e8b465ee728b)  -> (artifact id: '3d89758f61c73ec3b879a552e7c43a6d') in 0.008854 seconds 
  Import took 0.011519 seconds .

========================================================================
Received Import Request.
  Time since last request: 0.798721 seconds.
  path: Assets/Prefabs/DesertEffect.prefab
  artifactKey: Guid(40d28fa5ae68c4f4ea383927809caa2a) Importer(815301076,1909f56bfc062723c751e8b465ee728b)
Start importing Assets/Prefabs/DesertEffect.prefab using Guid(40d28fa5ae68c4f4ea383927809caa2a) Importer(815301076,1909f56bfc062723c751e8b465ee728b)  -> (artifact id: '64c568366b9c8d3a6c776c52158e8bc6') in 0.008854 seconds 
  Import took 0.011558 seconds .

========================================================================
Received Import Request.
  Time since last request: 9.735452 seconds.
  path: Assets/Prefabs/DesertEffect.prefab
  artifactKey: Guid(40d28fa5ae68c4f4ea383927809caa2a) Importer(815301076,1909f56bfc062723c751e8b465ee728b)
Start importing Assets/Prefabs/DesertEffect.prefab using Guid(40d28fa5ae68c4f4ea383927809caa2a) Importer(815301076,1909f56bfc062723c751e8b465ee728b)  -> (artifact id: '6976799074074efc2218e82f23b8f7ed') in 0.010202 seconds 
  Import took 0.012988 seconds .

========================================================================
Received Import Request.
  Time since last request: 15.379276 seconds.
  path: Assets/Prefabs/DesertEffect.prefab
  artifactKey: Guid(40d28fa5ae68c4f4ea383927809caa2a) Importer(815301076,1909f56bfc062723c751e8b465ee728b)
Start importing Assets/Prefabs/DesertEffect.prefab using Guid(40d28fa5ae68c4f4ea383927809caa2a) Importer(815301076,1909f56bfc062723c751e8b465ee728b)  -> (artifact id: '95d00547aba83f7e8b64b7a34ad5d14f') in 0.008325 seconds 
  Import took 0.010908 seconds .

========================================================================
Received Import Request.
  Time since last request: 13.741195 seconds.
  path: Assets/Prefabs/DesertEffect.prefab
  artifactKey: Guid(40d28fa5ae68c4f4ea383927809caa2a) Importer(815301076,1909f56bfc062723c751e8b465ee728b)
Start importing Assets/Prefabs/DesertEffect.prefab using Guid(40d28fa5ae68c4f4ea383927809caa2a) Importer(815301076,1909f56bfc062723c751e8b465ee728b)  -> (artifact id: '9525f3f788decfab5391dc0f383fcee8') in 0.008758 seconds 
  Import took 0.011388 seconds .

========================================================================
Received Import Request.
  Time since last request: 5.304972 seconds.
  path: Assets/Prefabs/DesertEffect.prefab
  artifactKey: Guid(40d28fa5ae68c4f4ea383927809caa2a) Importer(815301076,1909f56bfc062723c751e8b465ee728b)
Start importing Assets/Prefabs/DesertEffect.prefab using Guid(40d28fa5ae68c4f4ea383927809caa2a) Importer(815301076,1909f56bfc062723c751e8b465ee728b)  -> (artifact id: '4c0c5b618833cbbac0f329f50cbb1a2b') in 0.010465 seconds 
  Import took 0.013079 seconds .

========================================================================
Received Import Request.
  Time since last request: 67.630316 seconds.
  path: Assets/Prefabs/DesertEffect 1.prefab
  artifactKey: Guid(9f971d84e52a03d4e80fd7002727c60b) Importer(815301076,1909f56bfc062723c751e8b465ee728b)
Start importing Assets/Prefabs/DesertEffect 1.prefab using Guid(9f971d84e52a03d4e80fd7002727c60b) Importer(815301076,1909f56bfc062723c751e8b465ee728b)  -> (artifact id: 'ec6ebab5a239bcc76f049885425bab35') in 0.009783 seconds 
  Import took 0.012443 seconds .

========================================================================
Received Import Request.
  Time since last request: 9.997247 seconds.
  path: Assets/Prefabs/BloodEffect.prefab
  artifactKey: Guid(9f971d84e52a03d4e80fd7002727c60b) Importer(815301076,1909f56bfc062723c751e8b465ee728b)
Start importing Assets/Prefabs/BloodEffect.prefab using Guid(9f971d84e52a03d4e80fd7002727c60b) Importer(815301076,1909f56bfc062723c751e8b465ee728b)  -> (artifact id: '877af19063c3a85a6b78ea293760be56') in 0.008899 seconds 
  Import took 0.011464 seconds .

========================================================================
Received Import Request.
  Time since last request: 55.922635 seconds.
  path: Assets/Materials/피.mat
  artifactKey: Guid(c35386a052d8cc44d84883c73126b4dc) Importer(815301076,1909f56bfc062723c751e8b465ee728b)
Start importing Assets/Materials/피.mat using Guid(c35386a052d8cc44d84883c73126b4dc) Importer(815301076,1909f56bfc062723c751e8b465ee728b)  -> (artifact id: 'ceb11257970eab4ba705f34984c3ba75') in 0.026156 seconds 
  Import took 0.028754 seconds .

========================================================================
Received Import Request.
  Time since last request: 24.440559 seconds.
  path: Assets/Photon/PhotonUnityNetworking/Demos/DemoSlotRacer/Kenney Assets/Stylized city/Materials/11 - Default.mat
  artifactKey: Guid(b7d67d7d7ddb88542b23886a4b496c77) Importer(815301076,1909f56bfc062723c751e8b465ee728b)
Start importing Assets/Photon/PhotonUnityNetworking/Demos/DemoSlotRacer/Kenney Assets/Stylized city/Materials/11 - Default.mat using Guid(b7d67d7d7ddb88542b23886a4b496c77) Importer(815301076,1909f56bfc062723c751e8b465ee728b)  -> (artifact id: '5cbb970736af458f0b400809fe9fa562') in 0.009111 seconds 
  Import took 0.011652 seconds .

========================================================================
Received Import Request.
  Time since last request: 0.000257 seconds.
  path: Assets/Photon/PhotonUnityNetworking/Demos/DemoSlotRacer/Kenney Assets/Stylized city/Materials/leaves_palm_243.mat
  artifactKey: Guid(6fe15af0e28a31a43bf683296709c6b0) Importer(815301076,1909f56bfc062723c751e8b465ee728b)
Start importing Assets/Photon/PhotonUnityNetworking/Demos/DemoSlotRacer/Kenney Assets/Stylized city/Materials/leaves_palm_243.mat using Guid(6fe15af0e28a31a43bf683296709c6b0) Importer(815301076,1909f56bfc062723c751e8b465ee728b)  -> (artifact id: 'fb63799491bc784c86defbde233a775c') in 0.008374 seconds 
  Import took 0.010885 seconds .

========================================================================
Received Import Request.
  Time since last request: 0.000227 seconds.
  path: Assets/Photon/PhotonUnityNetworking/Demos/DemoSlotRacer/Kenney Assets/Stylized city/Materials/ground_green.mat
  artifactKey: Guid(fef45cc204351a9458f02ad7c0243f18) Importer(815301076,1909f56bfc062723c751e8b465ee728b)
Start importing Assets/Photon/PhotonUnityNetworking/Demos/DemoSlotRacer/Kenney Assets/Stylized city/Materials/ground_green.mat using Guid(fef45cc204351a9458f02ad7c0243f18) Importer(815301076,1909f56bfc062723c751e8b465ee728b)  -> (artifact id: 'd5d2922840e0df12ccdc63ff7bd74591') in 0.009049 seconds 
  Import took 0.011450 seconds .

========================================================================
Received Import Request.
  Time since last request: 0.000250 seconds.
  path: Assets/Photon/PhotonUnityNetworking/Demos/DemoSlotRacer/Kenney Assets/Stylized city/Materials/No Name.mat
  artifactKey: Guid(a773bd7a075f9534e9c9ed1eb6e9a30f) Importer(815301076,1909f56bfc062723c751e8b465ee728b)
Start importing Assets/Photon/PhotonUnityNetworking/Demos/DemoSlotRacer/Kenney Assets/Stylized city/Materials/No Name.mat using Guid(a773bd7a075f9534e9c9ed1eb6e9a30f) Importer(815301076,1909f56bfc062723c751e8b465ee728b)  -> (artifact id: 'eef4bb42983d009f36d0d06b837dd841') in 0.008432 seconds 
  Import took 0.011045 seconds .

========================================================================
Received Import Request.
  Time since last request: 0.000208 seconds.
  path: Assets/Photon/PhotonUnityNetworking/Demos/DemoSlotRacer/Kenney Assets/Stylized city/Materials/insides_2.mat
  artifactKey: Guid(9cc3c2bbff5d71d45ab82bdd222f75c3) Importer(815301076,1909f56bfc062723c751e8b465ee728b)
Start importing Assets/Photon/PhotonUnityNetworking/Demos/DemoSlotRacer/Kenney Assets/Stylized city/Materials/insides_2.mat using Guid(9cc3c2bbff5d71d45ab82bdd222f75c3) Importer(815301076,1909f56bfc062723c751e8b465ee728b)  -> (artifact id: '1fbf9477ea925cb332d3a9878c759c37') in 0.008071 seconds 
  Import took 0.010739 seconds .

========================================================================
Received Import Request.
  Time since last request: 0.000261 seconds.
  path: Assets/Photon/PhotonUnityNetworking/Demos/DemoSlotRacer/Kenney Assets/Stylized city/Materials/insides_3.mat
  artifactKey: Guid(cdcec2345c1d1af4da10b1c5d9cbff65) Importer(815301076,1909f56bfc062723c751e8b465ee728b)
Start importing Assets/Photon/PhotonUnityNetworking/Demos/DemoSlotRacer/Kenney Assets/Stylized city/Materials/insides_3.mat using Guid(cdcec2345c1d1af4da10b1c5d9cbff65) Importer(815301076,1909f56bfc062723c751e8b465ee728b)  -> (artifact id: 'a76ed2cb4942d00004aedcf6b5d34855') in 0.015124 seconds 
  Import took 0.025859 seconds .

========================================================================
Received Import Request.
  Time since last request: 0.000229 seconds.
  path: Assets/Photon/PhotonUnityNetworking/Demos/DemoSlotRacer/Kenney Assets/Stylized city/Materials/ground_green232.mat
  artifactKey: Guid(fd4000dd854ad0e40ba2a59fab94cad1) Importer(815301076,1909f56bfc062723c751e8b465ee728b)
Start importing Assets/Photon/PhotonUnityNetworking/Demos/DemoSlotRacer/Kenney Assets/Stylized city/Materials/ground_green232.mat using Guid(fd4000dd854ad0e40ba2a59fab94cad1) Importer(815301076,1909f56bfc062723c751e8b465ee728b)  -> (artifact id: '632df783ffe5b627c405c45813b1be43') in 0.009844 seconds 
  Import took 0.012267 seconds .

========================================================================
Received Import Request.
  Time since last request: 0.000253 seconds.
  path: Assets/Photon/PhotonUnityNetworking/Demos/DemoSlotRacer/Kenney Assets/Stylized city/Materials/car.mat
  artifactKey: Guid(c282d31bf082fca4a822239b62ff8257) Importer(815301076,1909f56bfc062723c751e8b465ee728b)
Start importing Assets/Photon/PhotonUnityNetworking/Demos/DemoSlotRacer/Kenney Assets/Stylized city/Materials/car.mat using Guid(c282d31bf082fca4a822239b62ff8257) Importer(815301076,1909f56bfc062723c751e8b465ee728b)  -> (artifact id: '22ff10aa345060debf4b58ea5261c2ce') in 0.008297 seconds 
  Import took 0.010752 seconds .

========================================================================
Received Import Request.
  Time since last request: 33.808521 seconds.
  path: Assets/Materials/모래Effect.mat
  artifactKey: Guid(ceb5bc6fbe7764d48856c9db43764ebb) Importer(815301076,1909f56bfc062723c751e8b465ee728b)
Start importing Assets/Materials/모래Effect.mat using Guid(ceb5bc6fbe7764d48856c9db43764ebb) Importer(815301076,1909f56bfc062723c751e8b465ee728b)  -> (artifact id: 'b2fa68346c58775f8008cc622ce35812') in 0.008699 seconds 
  Import took 0.011291 seconds .

========================================================================
Received Import Request.
  Time since last request: 4.709406 seconds.
  path: Assets/Materials/피Effect.mat
  artifactKey: Guid(c35386a052d8cc44d84883c73126b4dc) Importer(815301076,1909f56bfc062723c751e8b465ee728b)
Start importing Assets/Materials/피Effect.mat using Guid(c35386a052d8cc44d84883c73126b4dc) Importer(815301076,1909f56bfc062723c751e8b465ee728b)  -> (artifact id: 'f508d843f4025fc758ded5ace800e82b') in 0.008415 seconds 
  Import took 0.026705 seconds .

========================================================================
Received Import Request.
  Time since last request: 13.755314 seconds.
  path: Assets/Prefabs/BloodEffect.prefab
  artifactKey: Guid(9f971d84e52a03d4e80fd7002727c60b) Importer(815301076,1909f56bfc062723c751e8b465ee728b)
Start importing Assets/Prefabs/BloodEffect.prefab using Guid(9f971d84e52a03d4e80fd7002727c60b) Importer(815301076,1909f56bfc062723c751e8b465ee728b)  -> (artifact id: 'eb868b78098623c14072f57f1631b561') in 0.009680 seconds 
  Import took 0.012904 seconds .

========================================================================
Received Import Request.
  Time since last request: 29.789457 seconds.
  path: Assets/Materials/모래Effect.mat
  artifactKey: Guid(ceb5bc6fbe7764d48856c9db43764ebb) Importer(815301076,1909f56bfc062723c751e8b465ee728b)
Start importing Assets/Materials/모래Effect.mat using Guid(ceb5bc6fbe7764d48856c9db43764ebb) Importer(815301076,1909f56bfc062723c751e8b465ee728b)  -> (artifact id: '30d3ef5aaa3d2f84f6df735e7a8a8ee5') in 0.008394 seconds 
  Import took 0.011041 seconds .

========================================================================
Received Import Request.
  Time since last request: 5.525626 seconds.
  path: Assets/Prefabs/DesertEffect.prefab
  artifactKey: Guid(40d28fa5ae68c4f4ea383927809caa2a) Importer(815301076,1909f56bfc062723c751e8b465ee728b)
Start importing Assets/Prefabs/DesertEffect.prefab using Guid(40d28fa5ae68c4f4ea383927809caa2a) Importer(815301076,1909f56bfc062723c751e8b465ee728b)  -> (artifact id: '72aa235956c21ee4825045ec36523044') in 0.008762 seconds 
  Import took 0.027602 seconds .

========================================================================
Received Import Request.
  Time since last request: 35.279363 seconds.
  path: Assets/Prefabs/BloodEffect.prefab
  artifactKey: Guid(9f971d84e52a03d4e80fd7002727c60b) Importer(815301076,1909f56bfc062723c751e8b465ee728b)
Start importing Assets/Prefabs/BloodEffect.prefab using Guid(9f971d84e52a03d4e80fd7002727c60b) Importer(815301076,1909f56bfc062723c751e8b465ee728b)  -> (artifact id: '0e2e07af32809a7457977cfb7e3d626a') in 0.008891 seconds 
  Import took 0.011520 seconds .

========================================================================
Received Import Request.
  Time since last request: 14.917606 seconds.
  path: Assets/Prefabs/BloodEffect.prefab
  artifactKey: Guid(9f971d84e52a03d4e80fd7002727c60b) Importer(815301076,1909f56bfc062723c751e8b465ee728b)
Start importing Assets/Prefabs/BloodEffect.prefab using Guid(9f971d84e52a03d4e80fd7002727c60b) Importer(815301076,1909f56bfc062723c751e8b465ee728b)  -> (artifact id: '221746dcb182fde0232e87de351a33cb') in 0.009468 seconds 
  Import took 0.012124 seconds .

========================================================================
Received Import Request.
  Time since last request: 1.817811 seconds.
  path: Assets/Prefabs/BloodEffect.prefab
  artifactKey: Guid(9f971d84e52a03d4e80fd7002727c60b) Importer(815301076,1909f56bfc062723c751e8b465ee728b)
Start importing Assets/Prefabs/BloodEffect.prefab using Guid(9f971d84e52a03d4e80fd7002727c60b) Importer(815301076,1909f56bfc062723c751e8b465ee728b)  -> (artifact id: '931003d08cc593ed788cae041b351919') in 0.009059 seconds 
  Import took 0.011722 seconds .

========================================================================
Received Import Request.
  Time since last request: 2.642904 seconds.
  path: Assets/Prefabs/BloodEffect.prefab
  artifactKey: Guid(9f971d84e52a03d4e80fd7002727c60b) Importer(815301076,1909f56bfc062723c751e8b465ee728b)
Start importing Assets/Prefabs/BloodEffect.prefab using Guid(9f971d84e52a03d4e80fd7002727c60b) Importer(815301076,1909f56bfc062723c751e8b465ee728b)  -> (artifact id: 'bb337b9f12b4ed1332db161c48b6bca0') in 0.008758 seconds 
  Import took 0.011379 seconds .

========================================================================
Received Import Request.
  Time since last request: 2.326946 seconds.
  path: Assets/Prefabs/BloodEffect.prefab
  artifactKey: Guid(9f971d84e52a03d4e80fd7002727c60b) Importer(815301076,1909f56bfc062723c751e8b465ee728b)
Start importing Assets/Prefabs/BloodEffect.prefab using Guid(9f971d84e52a03d4e80fd7002727c60b) Importer(815301076,1909f56bfc062723c751e8b465ee728b)  -> (artifact id: '58e964ce42489dc82909ae413b27e696') in 0.009024 seconds 
  Import took 0.011693 seconds .

========================================================================
Received Import Request.
  Time since last request: 2.479635 seconds.
  path: Assets/Prefabs/BloodEffect.prefab
  artifactKey: Guid(9f971d84e52a03d4e80fd7002727c60b) Importer(815301076,1909f56bfc062723c751e8b465ee728b)
Start importing Assets/Prefabs/BloodEffect.prefab using Guid(9f971d84e52a03d4e80fd7002727c60b) Importer(815301076,1909f56bfc062723c751e8b465ee728b)  -> (artifact id: '8ba9a548831e3cf8dcd3cc355eb2a7a8') in 0.008939 seconds 
  Import took 0.011934 seconds .

========================================================================
Received Import Request.
  Time since last request: 3.513457 seconds.
  path: Assets/Prefabs/BloodEffect.prefab
  artifactKey: Guid(9f971d84e52a03d4e80fd7002727c60b) Importer(815301076,1909f56bfc062723c751e8b465ee728b)
Start importing Assets/Prefabs/BloodEffect.prefab using Guid(9f971d84e52a03d4e80fd7002727c60b) Importer(815301076,1909f56bfc062723c751e8b465ee728b)  -> (artifact id: '7ee5847b885e74fd65b34dec96d1b61b') in 0.009430 seconds 
  Import took 0.012098 seconds .

========================================================================
Received Import Request.
  Time since last request: 1.768173 seconds.
  path: Assets/Prefabs/BloodEffect.prefab
  artifactKey: Guid(9f971d84e52a03d4e80fd7002727c60b) Importer(815301076,1909f56bfc062723c751e8b465ee728b)
Start importing Assets/Prefabs/BloodEffect.prefab using Guid(9f971d84e52a03d4e80fd7002727c60b) Importer(815301076,1909f56bfc062723c751e8b465ee728b)  -> (artifact id: '9667b3c625a268cb2b9d84e1e00a38b3') in 0.008854 seconds 
  Import took 0.011511 seconds .

========================================================================
Received Import Request.
  Time since last request: 1.983315 seconds.
  path: Assets/Prefabs/BloodEffect.prefab
  artifactKey: Guid(9f971d84e52a03d4e80fd7002727c60b) Importer(815301076,1909f56bfc062723c751e8b465ee728b)
Start importing Assets/Prefabs/BloodEffect.prefab using Guid(9f971d84e52a03d4e80fd7002727c60b) Importer(815301076,1909f56bfc062723c751e8b465ee728b)  -> (artifact id: 'ce4b405e9a787729542184b4c8d0b999') in 0.008731 seconds 
  Import took 0.011339 seconds .

========================================================================
Received Import Request.
  Time since last request: 3.784298 seconds.
  path: Assets/Prefabs/BloodEffect.prefab
  artifactKey: Guid(9f971d84e52a03d4e80fd7002727c60b) Importer(815301076,1909f56bfc062723c751e8b465ee728b)
Start importing Assets/Prefabs/BloodEffect.prefab using Guid(9f971d84e52a03d4e80fd7002727c60b) Importer(815301076,1909f56bfc062723c751e8b465ee728b)  -> (artifact id: '4bf660c42cd8924a76a4d10b33224447') in 0.008653 seconds 
  Import took 0.011451 seconds .

========================================================================
Received Import Request.
  Time since last request: 4.057005 seconds.
  path: Assets/Prefabs/BloodEffect.prefab
  artifactKey: Guid(9f971d84e52a03d4e80fd7002727c60b) Importer(815301076,1909f56bfc062723c751e8b465ee728b)
Start importing Assets/Prefabs/BloodEffect.prefab using Guid(9f971d84e52a03d4e80fd7002727c60b) Importer(815301076,1909f56bfc062723c751e8b465ee728b)  -> (artifact id: 'a6ecfb9c436dde06299dc6fc36384db5') in 0.009097 seconds 
  Import took 0.011801 seconds .

========================================================================
Received Import Request.
  Time since last request: 3.264429 seconds.
  path: Assets/Prefabs/BloodEffect.prefab
  artifactKey: Guid(9f971d84e52a03d4e80fd7002727c60b) Importer(815301076,1909f56bfc062723c751e8b465ee728b)
Start importing Assets/Prefabs/BloodEffect.prefab using Guid(9f971d84e52a03d4e80fd7002727c60b) Importer(815301076,1909f56bfc062723c751e8b465ee728b)  -> (artifact id: '32061732260dd2b166584b3890aadc1e') in 0.008602 seconds 
  Import took 0.011546 seconds .

========================================================================
Received Import Request.
  Time since last request: 1.759272 seconds.
  path: Assets/Prefabs/BloodEffect.prefab
  artifactKey: Guid(9f971d84e52a03d4e80fd7002727c60b) Importer(815301076,1909f56bfc062723c751e8b465ee728b)
Start importing Assets/Prefabs/BloodEffect.prefab using Guid(9f971d84e52a03d4e80fd7002727c60b) Importer(815301076,1909f56bfc062723c751e8b465ee728b)  -> (artifact id: '5dcaa34292956baafddb57a499031614') in 0.009250 seconds 
  Import took 0.011918 seconds .

========================================================================
Received Import Request.
  Time since last request: 3.561835 seconds.
  path: Assets/Prefabs/BloodEffect.prefab
  artifactKey: Guid(9f971d84e52a03d4e80fd7002727c60b) Importer(815301076,1909f56bfc062723c751e8b465ee728b)
Start importing Assets/Prefabs/BloodEffect.prefab using Guid(9f971d84e52a03d4e80fd7002727c60b) Importer(815301076,1909f56bfc062723c751e8b465ee728b)  -> (artifact id: '3dbe3a3157cede9abba1c92fe8e40245') in 0.008662 seconds 
  Import took 0.011310 seconds .

========================================================================
Received Import Request.
  Time since last request: 1.627839 seconds.
  path: Assets/Prefabs/BloodEffect.prefab
  artifactKey: Guid(9f971d84e52a03d4e80fd7002727c60b) Importer(815301076,1909f56bfc062723c751e8b465ee728b)
Start importing Assets/Prefabs/BloodEffect.prefab using Guid(9f971d84e52a03d4e80fd7002727c60b) Importer(815301076,1909f56bfc062723c751e8b465ee728b)  -> (artifact id: '5f65ee94c8542626ca1a1e4c2f83f0f1') in 0.008952 seconds 
  Import took 0.011631 seconds .

========================================================================
Received Import Request.
  Time since last request: 1.630280 seconds.
  path: Assets/Prefabs/BloodEffect.prefab
  artifactKey: Guid(9f971d84e52a03d4e80fd7002727c60b) Importer(815301076,1909f56bfc062723c751e8b465ee728b)
Start importing Assets/Prefabs/BloodEffect.prefab using Guid(9f971d84e52a03d4e80fd7002727c60b) Importer(815301076,1909f56bfc062723c751e8b465ee728b)  -> (artifact id: 'caaccf545d2964a039d3185c27caf153') in 0.008781 seconds 
  Import took 0.011431 seconds .

========================================================================
Received Import Request.
  Time since last request: 6.919696 seconds.
  path: Assets/Prefabs/BloodEffect.prefab
  artifactKey: Guid(9f971d84e52a03d4e80fd7002727c60b) Importer(815301076,1909f56bfc062723c751e8b465ee728b)
Start importing Assets/Prefabs/BloodEffect.prefab using Guid(9f971d84e52a03d4e80fd7002727c60b) Importer(815301076,1909f56bfc062723c751e8b465ee728b)  -> (artifact id: '228d56fb0bfd87ee59651827a8e7dea6') in 0.008884 seconds 
  Import took 0.011994 seconds .

========================================================================
Received Import Request.
  Time since last request: 14.472903 seconds.
  path: Assets/Prefabs/BloodEffect.prefab
  artifactKey: Guid(9f971d84e52a03d4e80fd7002727c60b) Importer(815301076,1909f56bfc062723c751e8b465ee728b)
Start importing Assets/Prefabs/BloodEffect.prefab using Guid(9f971d84e52a03d4e80fd7002727c60b) Importer(815301076,1909f56bfc062723c751e8b465ee728b)  -> (artifact id: '22d433b127b8b1e2e9801b16831cd35a') in 0.009513 seconds 
  Import took 0.012212 seconds .

========================================================================
Received Import Request.
  Time since last request: 34.345083 seconds.
  path: Assets/Prefabs/BloodEffect.prefab
  artifactKey: Guid(9f971d84e52a03d4e80fd7002727c60b) Importer(815301076,1909f56bfc062723c751e8b465ee728b)
Start importing Assets/Prefabs/BloodEffect.prefab using Guid(9f971d84e52a03d4e80fd7002727c60b) Importer(815301076,1909f56bfc062723c751e8b465ee728b)  -> (artifact id: 'de9d7e8ed9e423834f7baf74ee5e88cc') in 0.008579 seconds 
  Import took 0.011276 seconds .

========================================================================
Received Import Request.
  Time since last request: 3.016991 seconds.
  path: Assets/Prefabs/BloodEffect.prefab
  artifactKey: Guid(9f971d84e52a03d4e80fd7002727c60b) Importer(815301076,1909f56bfc062723c751e8b465ee728b)
Start importing Assets/Prefabs/BloodEffect.prefab using Guid(9f971d84e52a03d4e80fd7002727c60b) Importer(815301076,1909f56bfc062723c751e8b465ee728b)  -> (artifact id: 'e2ffdb7a31c69352b4cb49b936a1a2fa') in 0.010325 seconds 
  Import took 0.013104 seconds .

========================================================================
Received Prepare
Registering precompiled user dll's ...
Registered in 0.006608 seconds.
Begin MonoManager ReloadAssembly
Native extension for WindowsStandalone target not found
Refreshing native plugins compatible for Editor in 0.41 ms, found 2 plugins.
Preloading 0 native plugins for Editor in 0.00 ms.
Mono: successfully reloaded assembly
- Completed reload, in  0.826 seconds
Domain Reload Profiling:
	ReloadAssembly (827ms)
		BeginReloadAssembly (109ms)
			ExecutionOrderSort (0ms)
			DisableScriptedObjects (7ms)
			BackupInstance (0ms)
			ReleaseScriptingObjects (0ms)
			CreateAndSetChildDomain (29ms)
		EndReloadAssembly (673ms)
			LoadAssemblies (93ms)
			RebuildTransferFunctionScriptingTraits (0ms)
			SetupTypeCache (226ms)
			ReleaseScriptCaches (1ms)
			RebuildScriptCaches (45ms)
			SetupLoadedEditorAssemblies (251ms)
				LogAssemblyErrors (0ms)
				InitializePlatformSupportModulesInManaged (3ms)
				SetLoadedEditorAssemblies (0ms)
				RefreshPlugins (0ms)
				BeforeProcessingInitializeOnLoad (81ms)
				ProcessInitializeOnLoadAttributes (150ms)
				ProcessInitializeOnLoadMethodAttributes (12ms)
				AfterProcessingInitializeOnLoad (3ms)
				EditorAssembliesLoaded (0ms)
			ExecutionOrderSort2 (0ms)
			AwakeInstancesAfterBackupRestoration (6ms)
Platform modules already initialized, skipping
Refreshing native plugins compatible for Editor in 0.45 ms, found 2 plugins.
Preloading 0 native plugins for Editor in 0.00 ms.
Unloading 1840 Unused Serialized files (Serialized files now loaded: 0)
System memory in use before: 88.3 MB.
System memory in use after: 88.5 MB.

Unloading 20 unused Assets to reduce memory usage. Loaded Objects now: 2345.
Total: 2.386000 ms (FindLiveObjects: 0.158800 ms CreateObjectMapping: 0.049100 ms MarkObjects: 2.163800 ms  DeleteObjects: 0.013600 ms)

AssetImportParameters requested are different than current active one (requested -> active):
  custom:framework-win-MediaFoundation: 216162199b28c13a410421893ffa2e32 -> 
  custom:video-decoder-ogg-theora: a1e56fd34408186e4bbccfd4996cb3dc -> 
  custom:container-muxer-webm: aa71ff27fc2769a1b78a27578f13a17b -> 
  custom:container-demuxer-webm: 4f35f7cbe854078d1ac9338744f61a02 -> 
  custom:container-demuxer-ogg: 62fdf1f143b41e24485cea50d1cbac27 -> 
  custom:video-encoder-webm-vp8: eb34c28f22e8b96e1ab97ce403110664 -> 
  custom:video-codec-MediaFoundation-h265: 746d11721c4dcdbdad8f713fa42b33f4 -> 
  custom:video-decoder-webm-vp8: 9c59270c3fd7afecdb556c50c9e8de78 -> 
  custom:audio-decoder-ogg-vorbis: bf7c407c2cedff20999df2af8eb42d56 -> 
  custom:audio-encoder-webm-vorbis: bf7c407c2cedff20999df2af8eb42d56 -> 
========================================================================
Received Import Request.
  Time since last request: 318.502445 seconds.
  path: Assets/Resources/Player.prefab
  artifactKey: Guid(32c1325cb10cc5c4fbe7f6332a0d89c9) Importer(815301076,1909f56bfc062723c751e8b465ee728b)
Start importing Assets/Resources/Player.prefab using Guid(32c1325cb10cc5c4fbe7f6332a0d89c9) Importer(815301076,1909f56bfc062723c751e8b465ee728b)  -> (artifact id: 'a9e2eb9d215c6c603990c85624afefc9') in 0.066065 seconds 
  Import took 0.068649 seconds .

========================================================================
Received Import Request.
  Time since last request: 8.955200 seconds.
  path: Assets/Resources/Player.prefab
  artifactKey: Guid(32c1325cb10cc5c4fbe7f6332a0d89c9) Importer(815301076,1909f56bfc062723c751e8b465ee728b)
Start importing Assets/Resources/Player.prefab using Guid(32c1325cb10cc5c4fbe7f6332a0d89c9) Importer(815301076,1909f56bfc062723c751e8b465ee728b)  -> (artifact id: 'd3ea02f46a848204811c19999654e637') in 0.009376 seconds 
  Import took 0.012120 seconds .

========================================================================
Received Prepare
Refreshing native plugins compatible for Editor in 4.24 ms, found 2 plugins.
Preloading 0 native plugins for Editor in 0.00 ms.
Unloading 17 Unused Serialized files (Serialized files now loaded: 0)
System memory in use before: 53.0 MB.
System memory in use after: 53.1 MB.

Unloading 20 unused Assets to reduce memory usage. Loaded Objects now: 2347.
Total: 2.671200 ms (FindLiveObjects: 0.139500 ms CreateObjectMapping: 0.050500 ms MarkObjects: 2.459900 ms  DeleteObjects: 0.020900 ms)

AssetImportParameters requested are different than current active one (requested -> active):
  custom:framework-win-MediaFoundation: 216162199b28c13a410421893ffa2e32 -> 
  custom:video-decoder-ogg-theora: a1e56fd34408186e4bbccfd4996cb3dc -> 
  custom:container-muxer-webm: aa71ff27fc2769a1b78a27578f13a17b -> 
  custom:container-demuxer-webm: 4f35f7cbe854078d1ac9338744f61a02 -> 
  custom:container-demuxer-ogg: 62fdf1f143b41e24485cea50d1cbac27 -> 
  custom:video-encoder-webm-vp8: eb34c28f22e8b96e1ab97ce403110664 -> 
  custom:video-codec-MediaFoundation-h265: 746d11721c4dcdbdad8f713fa42b33f4 -> 
  custom:video-decoder-webm-vp8: 9c59270c3fd7afecdb556c50c9e8de78 -> 
  custom:audio-decoder-ogg-vorbis: bf7c407c2cedff20999df2af8eb42d56 -> 
  custom:audio-encoder-webm-vorbis: bf7c407c2cedff20999df2af8eb42d56 -> 
========================================================================
Received Prepare
Registering precompiled user dll's ...
Registered in 0.006433 seconds.
Begin MonoManager ReloadAssembly
Native extension for WindowsStandalone target not found
Refreshing native plugins compatible for Editor in 0.42 ms, found 2 plugins.
Preloading 0 native plugins for Editor in 0.00 ms.
Mono: successfully reloaded assembly
- Completed reload, in  0.894 seconds
Domain Reload Profiling:
	ReloadAssembly (894ms)
		BeginReloadAssembly (112ms)
			ExecutionOrderSort (0ms)
			DisableScriptedObjects (6ms)
			BackupInstance (0ms)
			ReleaseScriptingObjects (0ms)
			CreateAndSetChildDomain (30ms)
		EndReloadAssembly (734ms)
			LoadAssemblies (99ms)
			RebuildTransferFunctionScriptingTraits (0ms)
			SetupTypeCache (246ms)
			ReleaseScriptCaches (1ms)
			RebuildScriptCaches (48ms)
			SetupLoadedEditorAssemblies (276ms)
				LogAssemblyErrors (0ms)
				InitializePlatformSupportModulesInManaged (4ms)
				SetLoadedEditorAssemblies (0ms)
				RefreshPlugins (0ms)
				BeforeProcessingInitializeOnLoad (88ms)
				ProcessInitializeOnLoadAttributes (167ms)
				ProcessInitializeOnLoadMethodAttributes (14ms)
				AfterProcessingInitializeOnLoad (3ms)
				EditorAssembliesLoaded (0ms)
			ExecutionOrderSort2 (0ms)
			AwakeInstancesAfterBackupRestoration (6ms)
Platform modules already initialized, skipping
Refreshing native plugins compatible for Editor in 0.41 ms, found 2 plugins.
Preloading 0 native plugins for Editor in 0.00 ms.
Unloading 1840 Unused Serialized files (Serialized files now loaded: 0)
System memory in use before: 88.4 MB.
System memory in use after: 88.6 MB.

Unloading 20 unused Assets to reduce memory usage. Loaded Objects now: 2349.
Total: 2.481100 ms (FindLiveObjects: 0.167600 ms CreateObjectMapping: 0.071000 ms MarkObjects: 2.225800 ms  DeleteObjects: 0.015700 ms)

AssetImportParameters requested are different than current active one (requested -> active):
  custom:framework-win-MediaFoundation: 216162199b28c13a410421893ffa2e32 -> 
  custom:video-decoder-ogg-theora: a1e56fd34408186e4bbccfd4996cb3dc -> 
  custom:container-muxer-webm: aa71ff27fc2769a1b78a27578f13a17b -> 
  custom:container-demuxer-webm: 4f35f7cbe854078d1ac9338744f61a02 -> 
  custom:container-demuxer-ogg: 62fdf1f143b41e24485cea50d1cbac27 -> 
  custom:video-encoder-webm-vp8: eb34c28f22e8b96e1ab97ce403110664 -> 
  custom:video-codec-MediaFoundation-h265: 746d11721c4dcdbdad8f713fa42b33f4 -> 
  custom:video-decoder-webm-vp8: 9c59270c3fd7afecdb556c50c9e8de78 -> 
  custom:audio-decoder-ogg-vorbis: bf7c407c2cedff20999df2af8eb42d56 -> 
  custom:audio-encoder-webm-vorbis: bf7c407c2cedff20999df2af8eb42d56 -> 
========================================================================
Received Prepare
Registering precompiled user dll's ...
Registered in 0.005982 seconds.
Begin MonoManager ReloadAssembly
Native extension for WindowsStandalone target not found
Refreshing native plugins compatible for Editor in 0.41 ms, found 2 plugins.
Preloading 0 native plugins for Editor in 0.00 ms.
Mono: successfully reloaded assembly
- Completed reload, in  0.803 seconds
Domain Reload Profiling:
	ReloadAssembly (803ms)
		BeginReloadAssembly (101ms)
			ExecutionOrderSort (0ms)
			DisableScriptedObjects (5ms)
			BackupInstance (0ms)
			ReleaseScriptingObjects (0ms)
			CreateAndSetChildDomain (26ms)
		EndReloadAssembly (659ms)
			LoadAssemblies (90ms)
			RebuildTransferFunctionScriptingTraits (0ms)
			SetupTypeCache (213ms)
			ReleaseScriptCaches (1ms)
			RebuildScriptCaches (45ms)
			SetupLoadedEditorAssemblies (248ms)
				LogAssemblyErrors (0ms)
				InitializePlatformSupportModulesInManaged (3ms)
				SetLoadedEditorAssemblies (0ms)
				RefreshPlugins (0ms)
				BeforeProcessingInitializeOnLoad (82ms)
				ProcessInitializeOnLoadAttributes (146ms)
				ProcessInitializeOnLoadMethodAttributes (12ms)
				AfterProcessingInitializeOnLoad (3ms)
				EditorAssembliesLoaded (0ms)
			ExecutionOrderSort2 (0ms)
			AwakeInstancesAfterBackupRestoration (6ms)
Platform modules already initialized, skipping
Refreshing native plugins compatible for Editor in 0.42 ms, found 2 plugins.
Preloading 0 native plugins for Editor in 0.00 ms.
Unloading 1840 Unused Serialized files (Serialized files now loaded: 0)
System memory in use before: 88.5 MB.
System memory in use after: 88.6 MB.

Unloading 20 unused Assets to reduce memory usage. Loaded Objects now: 2351.
Total: 2.376000 ms (FindLiveObjects: 0.158400 ms CreateObjectMapping: 0.051600 ms MarkObjects: 2.151900 ms  DeleteObjects: 0.013400 ms)

AssetImportParameters requested are different than current active one (requested -> active):
  custom:framework-win-MediaFoundation: 216162199b28c13a410421893ffa2e32 -> 
  custom:video-decoder-ogg-theora: a1e56fd34408186e4bbccfd4996cb3dc -> 
  custom:container-muxer-webm: aa71ff27fc2769a1b78a27578f13a17b -> 
  custom:container-demuxer-webm: 4f35f7cbe854078d1ac9338744f61a02 -> 
  custom:container-demuxer-ogg: 62fdf1f143b41e24485cea50d1cbac27 -> 
  custom:video-encoder-webm-vp8: eb34c28f22e8b96e1ab97ce403110664 -> 
  custom:video-codec-MediaFoundation-h265: 746d11721c4dcdbdad8f713fa42b33f4 -> 
  custom:video-decoder-webm-vp8: 9c59270c3fd7afecdb556c50c9e8de78 -> 
  custom:audio-decoder-ogg-vorbis: bf7c407c2cedff20999df2af8eb42d56 -> 
  custom:audio-encoder-webm-vorbis: bf7c407c2cedff20999df2af8eb42d56 -> 
========================================================================
Received Prepare
Refreshing native plugins compatible for Editor in 5.01 ms, found 2 plugins.
Preloading 0 native plugins for Editor in 0.00 ms.
Unloading 17 Unused Serialized files (Serialized files now loaded: 0)
System memory in use before: 52.5 MB.
System memory in use after: 52.6 MB.

Unloading 17 unused Assets to reduce memory usage. Loaded Objects now: 2351.
Total: 2.784800 ms (FindLiveObjects: 0.147300 ms CreateObjectMapping: 0.050400 ms MarkObjects: 2.561400 ms  DeleteObjects: 0.024200 ms)

AssetImportParameters requested are different than current active one (requested -> active):
  custom:framework-win-MediaFoundation: 216162199b28c13a410421893ffa2e32 -> 
  custom:video-decoder-ogg-theora: a1e56fd34408186e4bbccfd4996cb3dc -> 
  custom:container-muxer-webm: aa71ff27fc2769a1b78a27578f13a17b -> 
  custom:container-demuxer-webm: 4f35f7cbe854078d1ac9338744f61a02 -> 
  custom:container-demuxer-ogg: 62fdf1f143b41e24485cea50d1cbac27 -> 
  custom:video-encoder-webm-vp8: eb34c28f22e8b96e1ab97ce403110664 -> 
  custom:video-codec-MediaFoundation-h265: 746d11721c4dcdbdad8f713fa42b33f4 -> 
  custom:video-decoder-webm-vp8: 9c59270c3fd7afecdb556c50c9e8de78 -> 
  custom:audio-decoder-ogg-vorbis: bf7c407c2cedff20999df2af8eb42d56 -> 
  custom:audio-encoder-webm-vorbis: bf7c407c2cedff20999df2af8eb42d56 -> 
========================================================================
Received Prepare
Registering precompiled user dll's ...
Registered in 0.006186 seconds.
Begin MonoManager ReloadAssembly
Native extension for WindowsStandalone target not found
Refreshing native plugins compatible for Editor in 0.42 ms, found 2 plugins.
Preloading 0 native plugins for Editor in 0.00 ms.
Mono: successfully reloaded assembly
- Completed reload, in  0.872 seconds
Domain Reload Profiling:
	ReloadAssembly (873ms)
		BeginReloadAssembly (106ms)
			ExecutionOrderSort (0ms)
			DisableScriptedObjects (6ms)
			BackupInstance (0ms)
			ReleaseScriptingObjects (0ms)
			CreateAndSetChildDomain (27ms)
		EndReloadAssembly (719ms)
			LoadAssemblies (96ms)
			RebuildTransferFunctionScriptingTraits (0ms)
			SetupTypeCache (239ms)
			ReleaseScriptCaches (1ms)
			RebuildScriptCaches (48ms)
			SetupLoadedEditorAssemblies (273ms)
				LogAssemblyErrors (0ms)
				InitializePlatformSupportModulesInManaged (4ms)
				SetLoadedEditorAssemblies (0ms)
				RefreshPlugins (0ms)
				BeforeProcessingInitializeOnLoad (89ms)
				ProcessInitializeOnLoadAttributes (163ms)
				ProcessInitializeOnLoadMethodAttributes (13ms)
				AfterProcessingInitializeOnLoad (3ms)
				EditorAssembliesLoaded (0ms)
			ExecutionOrderSort2 (0ms)
			AwakeInstancesAfterBackupRestoration (6ms)
Platform modules already initialized, skipping
Refreshing native plugins compatible for Editor in 0.42 ms, found 2 plugins.
Preloading 0 native plugins for Editor in 0.00 ms.
Unloading 1840 Unused Serialized files (Serialized files now loaded: 0)
System memory in use before: 88.5 MB.
System memory in use after: 88.6 MB.

Unloading 20 unused Assets to reduce memory usage. Loaded Objects now: 2353.
Total: 2.421300 ms (FindLiveObjects: 0.142300 ms CreateObjectMapping: 0.056200 ms MarkObjects: 2.206100 ms  DeleteObjects: 0.015500 ms)

AssetImportParameters requested are different than current active one (requested -> active):
  custom:framework-win-MediaFoundation: 216162199b28c13a410421893ffa2e32 -> 
  custom:video-decoder-ogg-theora: a1e56fd34408186e4bbccfd4996cb3dc -> 
  custom:container-muxer-webm: aa71ff27fc2769a1b78a27578f13a17b -> 
  custom:container-demuxer-webm: 4f35f7cbe854078d1ac9338744f61a02 -> 
  custom:container-demuxer-ogg: 62fdf1f143b41e24485cea50d1cbac27 -> 
  custom:video-encoder-webm-vp8: eb34c28f22e8b96e1ab97ce403110664 -> 
  custom:video-codec-MediaFoundation-h265: 746d11721c4dcdbdad8f713fa42b33f4 -> 
  custom:video-decoder-webm-vp8: 9c59270c3fd7afecdb556c50c9e8de78 -> 
  custom:audio-decoder-ogg-vorbis: bf7c407c2cedff20999df2af8eb42d56 -> 
  custom:audio-encoder-webm-vorbis: bf7c407c2cedff20999df2af8eb42d56 -> 
========================================================================
Received Prepare
Registering precompiled user dll's ...
Registered in 0.006275 seconds.
Begin MonoManager ReloadAssembly
Native extension for WindowsStandalone target not found
Refreshing native plugins compatible for Editor in 0.41 ms, found 2 plugins.
Preloading 0 native plugins for Editor in 0.00 ms.
Mono: successfully reloaded assembly
- Completed reload, in  0.831 seconds
Domain Reload Profiling:
	ReloadAssembly (831ms)
		BeginReloadAssembly (103ms)
			ExecutionOrderSort (0ms)
			DisableScriptedObjects (6ms)
			BackupInstance (0ms)
			ReleaseScriptingObjects (0ms)
			CreateAndSetChildDomain (25ms)
		EndReloadAssembly (684ms)
			LoadAssemblies (94ms)
			RebuildTransferFunctionScriptingTraits (0ms)
			SetupTypeCache (225ms)
			ReleaseScriptCaches (1ms)
			RebuildScriptCaches (53ms)
			SetupLoadedEditorAssemblies (254ms)
				LogAssemblyErrors (0ms)
				InitializePlatformSupportModulesInManaged (4ms)
				SetLoadedEditorAssemblies (0ms)
				RefreshPlugins (0ms)
				BeforeProcessingInitializeOnLoad (83ms)
				ProcessInitializeOnLoadAttributes (151ms)
				ProcessInitializeOnLoadMethodAttributes (12ms)
				AfterProcessingInitializeOnLoad (3ms)
				EditorAssembliesLoaded (0ms)
			ExecutionOrderSort2 (0ms)
			AwakeInstancesAfterBackupRestoration (5ms)
Platform modules already initialized, skipping
Refreshing native plugins compatible for Editor in 0.40 ms, found 2 plugins.
Preloading 0 native plugins for Editor in 0.00 ms.
Unloading 1840 Unused Serialized files (Serialized files now loaded: 0)
System memory in use before: 88.5 MB.
System memory in use after: 88.6 MB.

Unloading 20 unused Assets to reduce memory usage. Loaded Objects now: 2355.
Total: 2.633600 ms (FindLiveObjects: 0.144600 ms CreateObjectMapping: 0.047900 ms MarkObjects: 2.426300 ms  DeleteObjects: 0.014000 ms)

AssetImportParameters requested are different than current active one (requested -> active):
  custom:framework-win-MediaFoundation: 216162199b28c13a410421893ffa2e32 -> 
  custom:video-decoder-ogg-theora: a1e56fd34408186e4bbccfd4996cb3dc -> 
  custom:container-muxer-webm: aa71ff27fc2769a1b78a27578f13a17b -> 
  custom:container-demuxer-webm: 4f35f7cbe854078d1ac9338744f61a02 -> 
  custom:container-demuxer-ogg: 62fdf1f143b41e24485cea50d1cbac27 -> 
  custom:video-encoder-webm-vp8: eb34c28f22e8b96e1ab97ce403110664 -> 
  custom:video-codec-MediaFoundation-h265: 746d11721c4dcdbdad8f713fa42b33f4 -> 
  custom:video-decoder-webm-vp8: 9c59270c3fd7afecdb556c50c9e8de78 -> 
  custom:audio-decoder-ogg-vorbis: bf7c407c2cedff20999df2af8eb42d56 -> 
  custom:audio-encoder-webm-vorbis: bf7c407c2cedff20999df2af8eb42d56 -> 
========================================================================
Received Prepare
Registering precompiled user dll's ...
Registered in 0.006278 seconds.
Begin MonoManager ReloadAssembly
Native extension for WindowsStandalone target not found
Refreshing native plugins compatible for Editor in 0.74 ms, found 2 plugins.
Preloading 0 native plugins for Editor in 0.00 ms.
Mono: successfully reloaded assembly
- Completed reload, in  0.816 seconds
Domain Reload Profiling:
	ReloadAssembly (816ms)
		BeginReloadAssembly (103ms)
			ExecutionOrderSort (0ms)
			DisableScriptedObjects (5ms)
			BackupInstance (0ms)
			ReleaseScriptingObjects (0ms)
			CreateAndSetChildDomain (26ms)
		EndReloadAssembly (667ms)
			LoadAssemblies (91ms)
			RebuildTransferFunctionScriptingTraits (0ms)
			SetupTypeCache (216ms)
			ReleaseScriptCaches (1ms)
			RebuildScriptCaches (47ms)
			SetupLoadedEditorAssemblies (254ms)
				LogAssemblyErrors (0ms)
				InitializePlatformSupportModulesInManaged (4ms)
				SetLoadedEditorAssemblies (1ms)
				RefreshPlugins (1ms)
				BeforeProcessingInitializeOnLoad (86ms)
				ProcessInitializeOnLoadAttributes (148ms)
				ProcessInitializeOnLoadMethodAttributes (11ms)
				AfterProcessingInitializeOnLoad (3ms)
				EditorAssembliesLoaded (0ms)
			ExecutionOrderSort2 (0ms)
			AwakeInstancesAfterBackupRestoration (6ms)
Platform modules already initialized, skipping
Refreshing native plugins compatible for Editor in 0.41 ms, found 2 plugins.
Preloading 0 native plugins for Editor in 0.00 ms.
Unloading 1840 Unused Serialized files (Serialized files now loaded: 0)
System memory in use before: 88.5 MB.
System memory in use after: 88.6 MB.

Unloading 20 unused Assets to reduce memory usage. Loaded Objects now: 2357.
Total: 2.411400 ms (FindLiveObjects: 0.137600 ms CreateObjectMapping: 0.042200 ms MarkObjects: 2.218000 ms  DeleteObjects: 0.012700 ms)

AssetImportParameters requested are different than current active one (requested -> active):
  custom:framework-win-MediaFoundation: 216162199b28c13a410421893ffa2e32 -> 
  custom:video-decoder-ogg-theora: a1e56fd34408186e4bbccfd4996cb3dc -> 
  custom:container-muxer-webm: aa71ff27fc2769a1b78a27578f13a17b -> 
  custom:container-demuxer-webm: 4f35f7cbe854078d1ac9338744f61a02 -> 
  custom:container-demuxer-ogg: 62fdf1f143b41e24485cea50d1cbac27 -> 
  custom:video-encoder-webm-vp8: eb34c28f22e8b96e1ab97ce403110664 -> 
  custom:video-codec-MediaFoundation-h265: 746d11721c4dcdbdad8f713fa42b33f4 -> 
  custom:video-decoder-webm-vp8: 9c59270c3fd7afecdb556c50c9e8de78 -> 
  custom:audio-decoder-ogg-vorbis: bf7c407c2cedff20999df2af8eb42d56 -> 
  custom:audio-encoder-webm-vorbis: bf7c407c2cedff20999df2af8eb42d56 -> 
========================================================================
Received Prepare
Registering precompiled user dll's ...
Registered in 0.006499 seconds.
Begin MonoManager ReloadAssembly
Native extension for WindowsStandalone target not found
Refreshing native plugins compatible for Editor in 0.40 ms, found 2 plugins.
Preloading 0 native plugins for Editor in 0.00 ms.
Mono: successfully reloaded assembly
- Completed reload, in  0.804 seconds
Domain Reload Profiling:
	ReloadAssembly (805ms)
		BeginReloadAssembly (100ms)
			ExecutionOrderSort (0ms)
			DisableScriptedObjects (5ms)
			BackupInstance (0ms)
			ReleaseScriptingObjects (0ms)
			CreateAndSetChildDomain (25ms)
		EndReloadAssembly (660ms)
			LoadAssemblies (91ms)
			RebuildTransferFunctionScriptingTraits (0ms)
			SetupTypeCache (218ms)
			ReleaseScriptCaches (1ms)
			RebuildScriptCaches (46ms)
			SetupLoadedEditorAssemblies (248ms)
				LogAssemblyErrors (0ms)
				InitializePlatformSupportModulesInManaged (3ms)
				SetLoadedEditorAssemblies (0ms)
				RefreshPlugins (0ms)
				BeforeProcessingInitializeOnLoad (83ms)
				ProcessInitializeOnLoadAttributes (146ms)
				ProcessInitializeOnLoadMethodAttributes (12ms)
				AfterProcessingInitializeOnLoad (3ms)
				EditorAssembliesLoaded (0ms)
			ExecutionOrderSort2 (0ms)
			AwakeInstancesAfterBackupRestoration (5ms)
Platform modules already initialized, skipping
Refreshing native plugins compatible for Editor in 0.41 ms, found 2 plugins.
Preloading 0 native plugins for Editor in 0.00 ms.
Unloading 1840 Unused Serialized files (Serialized files now loaded: 0)
System memory in use before: 88.5 MB.
System memory in use after: 88.6 MB.

Unloading 20 unused Assets to reduce memory usage. Loaded Objects now: 2359.
Total: 2.474200 ms (FindLiveObjects: 0.126400 ms CreateObjectMapping: 0.045100 ms MarkObjects: 2.288700 ms  DeleteObjects: 0.013300 ms)

AssetImportParameters requested are different than current active one (requested -> active):
  custom:framework-win-MediaFoundation: 216162199b28c13a410421893ffa2e32 -> 
  custom:video-decoder-ogg-theora: a1e56fd34408186e4bbccfd4996cb3dc -> 
  custom:container-muxer-webm: aa71ff27fc2769a1b78a27578f13a17b -> 
  custom:container-demuxer-webm: 4f35f7cbe854078d1ac9338744f61a02 -> 
  custom:container-demuxer-ogg: 62fdf1f143b41e24485cea50d1cbac27 -> 
  custom:video-encoder-webm-vp8: eb34c28f22e8b96e1ab97ce403110664 -> 
  custom:video-codec-MediaFoundation-h265: 746d11721c4dcdbdad8f713fa42b33f4 -> 
  custom:video-decoder-webm-vp8: 9c59270c3fd7afecdb556c50c9e8de78 -> 
  custom:audio-decoder-ogg-vorbis: bf7c407c2cedff20999df2af8eb42d56 -> 
  custom:audio-encoder-webm-vorbis: bf7c407c2cedff20999df2af8eb42d56 -> 
========================================================================
Received Prepare
Refreshing native plugins compatible for Editor in 4.38 ms, found 2 plugins.
Preloading 0 native plugins for Editor in 0.00 ms.
Unloading 17 Unused Serialized files (Serialized files now loaded: 0)
System memory in use before: 52.5 MB.
System memory in use after: 52.6 MB.

Unloading 17 unused Assets to reduce memory usage. Loaded Objects now: 2359.
Total: 2.188000 ms (FindLiveObjects: 0.129500 ms CreateObjectMapping: 0.049100 ms MarkObjects: 1.999800 ms  DeleteObjects: 0.009000 ms)

AssetImportParameters requested are different than current active one (requested -> active):
  custom:framework-win-MediaFoundation: 216162199b28c13a410421893ffa2e32 -> 
  custom:video-decoder-ogg-theora: a1e56fd34408186e4bbccfd4996cb3dc -> 
  custom:container-muxer-webm: aa71ff27fc2769a1b78a27578f13a17b -> 
  custom:container-demuxer-webm: 4f35f7cbe854078d1ac9338744f61a02 -> 
  custom:container-demuxer-ogg: 62fdf1f143b41e24485cea50d1cbac27 -> 
  custom:video-encoder-webm-vp8: eb34c28f22e8b96e1ab97ce403110664 -> 
  custom:video-codec-MediaFoundation-h265: 746d11721c4dcdbdad8f713fa42b33f4 -> 
  custom:video-decoder-webm-vp8: 9c59270c3fd7afecdb556c50c9e8de78 -> 
  custom:audio-decoder-ogg-vorbis: bf7c407c2cedff20999df2af8eb42d56 -> 
  custom:audio-encoder-webm-vorbis: bf7c407c2cedff20999df2af8eb42d56 -> 
========================================================================
Received Prepare
Registering precompiled user dll's ...
Registered in 0.006462 seconds.
Begin MonoManager ReloadAssembly
Native extension for WindowsStandalone target not found
Refreshing native plugins compatible for Editor in 0.46 ms, found 2 plugins.
Preloading 0 native plugins for Editor in 0.00 ms.
Mono: successfully reloaded assembly
- Completed reload, in  0.905 seconds
Domain Reload Profiling:
	ReloadAssembly (906ms)
		BeginReloadAssembly (110ms)
			ExecutionOrderSort (0ms)
			DisableScriptedObjects (7ms)
			BackupInstance (0ms)
			ReleaseScriptingObjects (0ms)
			CreateAndSetChildDomain (27ms)
		EndReloadAssembly (748ms)
			LoadAssemblies (101ms)
			RebuildTransferFunctionScriptingTraits (0ms)
			SetupTypeCache (262ms)
			ReleaseScriptCaches (1ms)
			RebuildScriptCaches (50ms)
			SetupLoadedEditorAssemblies (269ms)
				LogAssemblyErrors (0ms)
				InitializePlatformSupportModulesInManaged (4ms)
				SetLoadedEditorAssemblies (0ms)
				RefreshPlugins (1ms)
				BeforeProcessingInitializeOnLoad (90ms)
				ProcessInitializeOnLoadAttributes (159ms)
				ProcessInitializeOnLoadMethodAttributes (12ms)
				AfterProcessingInitializeOnLoad (3ms)
				EditorAssembliesLoaded (0ms)
			ExecutionOrderSort2 (0ms)
			AwakeInstancesAfterBackupRestoration (6ms)
Platform modules already initialized, skipping
Refreshing native plugins compatible for Editor in 0.42 ms, found 2 plugins.
Preloading 0 native plugins for Editor in 0.00 ms.
Unloading 1840 Unused Serialized files (Serialized files now loaded: 0)
System memory in use before: 88.5 MB.
System memory in use after: 88.6 MB.

Unloading 20 unused Assets to reduce memory usage. Loaded Objects now: 2361.
Total: 2.632100 ms (FindLiveObjects: 0.157300 ms CreateObjectMapping: 0.060900 ms MarkObjects: 2.396700 ms  DeleteObjects: 0.016100 ms)

AssetImportParameters requested are different than current active one (requested -> active):
  custom:framework-win-MediaFoundation: 216162199b28c13a410421893ffa2e32 -> 
  custom:video-decoder-ogg-theora: a1e56fd34408186e4bbccfd4996cb3dc -> 
  custom:container-muxer-webm: aa71ff27fc2769a1b78a27578f13a17b -> 
  custom:container-demuxer-webm: 4f35f7cbe854078d1ac9338744f61a02 -> 
  custom:container-demuxer-ogg: 62fdf1f143b41e24485cea50d1cbac27 -> 
  custom:video-encoder-webm-vp8: eb34c28f22e8b96e1ab97ce403110664 -> 
  custom:video-codec-MediaFoundation-h265: 746d11721c4dcdbdad8f713fa42b33f4 -> 
  custom:video-decoder-webm-vp8: 9c59270c3fd7afecdb556c50c9e8de78 -> 
  custom:audio-decoder-ogg-vorbis: bf7c407c2cedff20999df2af8eb42d56 -> 
  custom:audio-encoder-webm-vorbis: bf7c407c2cedff20999df2af8eb42d56 -> 
========================================================================
Received Prepare
Registering precompiled user dll's ...
Registered in 0.007105 seconds.
Begin MonoManager ReloadAssembly
Native extension for WindowsStandalone target not found
Refreshing native plugins compatible for Editor in 0.40 ms, found 2 plugins.
Preloading 0 native plugins for Editor in 0.00 ms.
Mono: successfully reloaded assembly
- Completed reload, in  0.813 seconds
Domain Reload Profiling:
	ReloadAssembly (813ms)
		BeginReloadAssembly (105ms)
			ExecutionOrderSort (0ms)
			DisableScriptedObjects (5ms)
			BackupInstance (0ms)
			ReleaseScriptingObjects (0ms)
			CreateAndSetChildDomain (26ms)
		EndReloadAssembly (665ms)
			LoadAssemblies (93ms)
			RebuildTransferFunctionScriptingTraits (0ms)
			SetupTypeCache (222ms)
			ReleaseScriptCaches (1ms)
			RebuildScriptCaches (48ms)
			SetupLoadedEditorAssemblies (248ms)
				LogAssemblyErrors (0ms)
				InitializePlatformSupportModulesInManaged (3ms)
				SetLoadedEditorAssemblies (0ms)
				RefreshPlugins (0ms)
				BeforeProcessingInitializeOnLoad (81ms)
				ProcessInitializeOnLoadAttributes (147ms)
				ProcessInitializeOnLoadMethodAttributes (12ms)
				AfterProcessingInitializeOnLoad (3ms)
				EditorAssembliesLoaded (0ms)
			ExecutionOrderSort2 (0ms)
			AwakeInstancesAfterBackupRestoration (6ms)
Platform modules already initialized, skipping
Refreshing native plugins compatible for Editor in 0.40 ms, found 2 plugins.
Preloading 0 native plugins for Editor in 0.00 ms.
Unloading 1840 Unused Serialized files (Serialized files now loaded: 0)
System memory in use before: 88.5 MB.
System memory in use after: 88.6 MB.

Unloading 20 unused Assets to reduce memory usage. Loaded Objects now: 2363.
Total: 2.526700 ms (FindLiveObjects: 0.150900 ms CreateObjectMapping: 0.045400 ms MarkObjects: 2.316600 ms  DeleteObjects: 0.013100 ms)

AssetImportParameters requested are different than current active one (requested -> active):
  custom:framework-win-MediaFoundation: 216162199b28c13a410421893ffa2e32 -> 
  custom:video-decoder-ogg-theora: a1e56fd34408186e4bbccfd4996cb3dc -> 
  custom:container-muxer-webm: aa71ff27fc2769a1b78a27578f13a17b -> 
  custom:container-demuxer-webm: 4f35f7cbe854078d1ac9338744f61a02 -> 
  custom:container-demuxer-ogg: 62fdf1f143b41e24485cea50d1cbac27 -> 
  custom:video-encoder-webm-vp8: eb34c28f22e8b96e1ab97ce403110664 -> 
  custom:video-codec-MediaFoundation-h265: 746d11721c4dcdbdad8f713fa42b33f4 -> 
  custom:video-decoder-webm-vp8: 9c59270c3fd7afecdb556c50c9e8de78 -> 
  custom:audio-decoder-ogg-vorbis: bf7c407c2cedff20999df2af8eb42d56 -> 
  custom:audio-encoder-webm-vorbis: bf7c407c2cedff20999df2af8eb42d56 -> 
AssetImportWorkerClient::OnTransportError - code=2 error=End of file
